  main.cpp
d:\code\nctu\2016cg\glsl_hw3\hw3\glm_helper.h(20): warning C4018: '<': signed/unsigned 不相符
d:\code\nctu\2016cg\glsl_hw3\hw3\glm_helper.h(41): warning C4018: '<': signed/unsigned 不相符
d:\code\nctu\2016cg\glsl_hw3\hw3\main.cpp(196): warning C4018: '<': signed/unsigned 不相符
d:\code\nctu\2016cg\glsl_hw3\hw3\main.cpp(203): warning C4018: '<': signed/unsigned 不相符
d:\code\nctu\2016cg\glsl_hw3\hw3\main.cpp(205): warning C4838: 從 'GLuint' 到 'int' 的轉換必須是縮小轉換
d:\code\nctu\2016cg\glsl_hw3\hw3\main.cpp(206): warning C4838: 從 'GLuint' 到 'int' 的轉換必須是縮小轉換
d:\code\nctu\2016cg\glsl_hw3\hw3\main.cpp(207): warning C4838: 從 'GLuint' 到 'int' 的轉換必須是縮小轉換
d:\code\nctu\2016cg\glsl_hw3\hw3\main.cpp(296): warning C4018: '<': signed/unsigned 不相符
d:\code\nctu\2016cg\glsl_hw3\hw3\main.cpp(309): warning C4018: '<': signed/unsigned 不相符
d:\code\nctu\2016cg\glsl_hw3\hw3\main.cpp(348): warning C4305: '引數': 從 'double' 轉換為 'GLfloat'，是由較大的類型轉換為較小的類型，可能導致資料遺失
d:\code\nctu\2016cg\glsl_hw3\hw3\main.cpp(351): warning C4244: '+=': 將 'double' 轉換為 'float'，由於類型不同，可能導致資料遺失
d:\code\nctu\2016cg\glsl_hw3\hw3\main.cpp(369): warning C4305: '+=': 從 'double' 轉換為 'float'，是由較大的類型轉換為較小的類型，可能導致資料遺失
d:\code\nctu\2016cg\glsl_hw3\hw3\main.cpp(374): warning C4305: '-=': 從 'double' 轉換為 'float'，是由較大的類型轉換為較小的類型，可能導致資料遺失
d:\code\nctu\2016cg\glsl_hw3\hw3\main.cpp(379): warning C4305: '+=': 從 'double' 轉換為 'float'，是由較大的類型轉換為較小的類型，可能導致資料遺失
d:\code\nctu\2016cg\glsl_hw3\hw3\main.cpp(384): warning C4305: '-=': 從 'double' 轉換為 'float'，是由較大的類型轉換為較小的類型，可能導致資料遺失
d:\code\nctu\2016cg\glsl_hw3\hw3\main.cpp(389): warning C4305: '-=': 從 'double' 轉換為 'float'，是由較大的類型轉換為較小的類型，可能導致資料遺失
d:\code\nctu\2016cg\glsl_hw3\hw3\main.cpp(394): warning C4305: '+=': 從 'double' 轉換為 'float'，是由較大的類型轉換為較小的類型，可能導致資料遺失
d:\code\nctu\2016cg\glsl_hw3\hw3\main.cpp(399): warning C4305: '+=': 從 'double' 轉換為 'float'，是由較大的類型轉換為較小的類型，可能導致資料遺失
d:\code\nctu\2016cg\glsl_hw3\hw3\main.cpp(404): warning C4305: '-=': 從 'double' 轉換為 'float'，是由較大的類型轉換為較小的類型，可能導致資料遺失
d:\code\nctu\2016cg\glsl_hw3\hw3\main.cpp(409): warning C4305: '+=': 從 'double' 轉換為 'float'，是由較大的類型轉換為較小的類型，可能導致資料遺失
d:\code\nctu\2016cg\glsl_hw3\hw3\main.cpp(414): warning C4305: '-=': 從 'double' 轉換為 'float'，是由較大的類型轉換為較小的類型，可能導致資料遺失
d:\code\nctu\2016cg\glsl_hw3\hw3\main.cpp(419): warning C4305: '-=': 從 'double' 轉換為 'float'，是由較大的類型轉換為較小的類型，可能導致資料遺失
d:\code\nctu\2016cg\glsl_hw3\hw3\main.cpp(424): warning C4305: '+=': 從 'double' 轉換為 'float'，是由較大的類型轉換為較小的類型，可能導致資料遺失
d:\code\nctu\2016cg\glsl_hw3\hw3\main.cpp(464): warning C4305: '-=': 從 'double' 轉換為 'float'，是由較大的類型轉換為較小的類型，可能導致資料遺失
d:\code\nctu\2016cg\glsl_hw3\hw3\main.cpp(466): warning C4305: '+=': 從 'double' 轉換為 'float'，是由較大的類型轉換為較小的類型，可能導致資料遺失
d:\code\nctu\2016cg\glsl_hw3\hw3\main.cpp(473): warning C4244: '=': 將 'double' 轉換為 'GLfloat'，由於類型不同，可能導致資料遺失
d:\code\nctu\2016cg\glsl_hw3\hw3\main.cpp(474): warning C4244: '=': 將 'double' 轉換為 'GLfloat'，由於類型不同，可能導致資料遺失
d:\code\nctu\2016cg\glsl_hw3\hw3\main.cpp(483): warning C4244: '=': 將 'double' 轉換為 'GLfloat'，由於類型不同，可能導致資料遺失
d:\code\nctu\2016cg\glsl_hw3\hw3\main.cpp(484): warning C4244: '=': 將 'double' 轉換為 'GLfloat'，由於類型不同，可能導致資料遺失
  hw3.vcxproj -> D:\Code\NCTU\2016CG\GLSL_hw3\Debug\Hw3.exe
  hw3.vcxproj -> D:\Code\NCTU\2016CG\GLSL_hw3\Debug\Hw3.pdb (Partial PDB)
